SF:lib/injector_x_core.dart
DA:4,1
DA:9,1
DA:22,3
DA:23,3
DA:26,3
DA:31,3
DA:33,3
DA:36,3
DA:38,3
DA:46,3
DA:48,3
DA:50,1
DA:54,3
DA:56,3
DA:59,3
DA:61,3
DA:64,1
DA:72,3
DA:82,3
DA:91,9
DA:93,3
DA:94,18
DA:97,3
DA:99,6
DA:100,3
DA:102,9
DA:103,3
DA:110,1
DA:112,1
DA:113,1
DA:118,3
DA:119,6
DA:120,3
DA:123,21
DA:125,3
DA:126,6
DA:129,1
DA:131,3
DA:133,1
DA:135,2
DA:142,3
DA:143,6
DA:144,3
DA:145,15
DA:147,6
DA:148,3
DA:149,12
DA:157,3
DA:158,3
DA:159,6
DA:160,9
DA:162,3
DA:163,1
DA:164,2
DA:170,6
DA:171,7
DA:174,3
DA:175,3
DA:176,3
DA:177,6
DA:179,3
DA:180,6
DA:181,9
DA:182,9
DA:183,3
DA:187,3
DA:188,3
DA:189,6
LF:68
LH:68
end_of_record
SF:lib/injector_x_view_model.dart
DA:6,4
DA:8,2
DA:10,2
DA:20,4
DA:21,4
DA:22,4
DA:31,2
DA:32,4
DA:33,4
DA:34,6
DA:37,1
DA:38,2
DA:39,3
LF:13
LH:13
end_of_record
SF:lib/injector_x_presenter.dart
DA:6,2
DA:8,1
DA:10,1
DA:16,3
DA:17,3
DA:22,1
DA:23,2
DA:26,1
DA:27,3
DA:30,1
DA:31,2
DA:32,1
LF:12
LH:12
end_of_record
